2026-03-01 08:40:17 | INFO     | __main__:main:91 - Starting Pinterest Downloader
2026-03-01 08:40:17 | INFO     | __main__:main:92 - Download path: downloads
2026-03-01 08:40:17 | INFO     | __main__:main:93 - Cache path: cache
2026-03-01 08:40:17 | INFO     | database:_init_database:84 - Database connection established successfully
2026-03-01 08:40:17 | ERROR    | __main__:main:156 - Fatal error: name 'Config' is not defined
Traceback (most recent call last):

  File "D:\Projects\pics-graber\graber\main.py", line 160, in <module>
    main()
    └ <function main at 0x000001CE53231380>

> File "D:\Projects\pics-graber\graber\main.py", line 99, in main
    downloader = PinterestDownloader(db, cache)
                 │                   │   └ <cache.FileCache object at 0x000001CE5502A270>
                 │                   └ <database.DatabaseManager object at 0x000001CE51A88440>
                 └ <class 'downloader.PinterestDownloader'>

  File "D:\Projects\pics-graber\graber\downloader.py", line 15, in __init__
    self.download_path = Path(download_path) if download_path else Config.DOWNLOAD_PATH
    │                    │    │                 └ None
    │                    │    └ None
    │                    └ <class 'pathlib.Path'>
    └ <downloader.PinterestDownloader object at 0x000001CE5502A3C0>

NameError: name 'Config' is not defined
2026-03-01 08:41:52 | INFO     | __main__:main:91 - Starting Pinterest Downloader
2026-03-01 08:41:52 | INFO     | __main__:main:92 - Download path: downloads
2026-03-01 08:41:52 | INFO     | __main__:main:93 - Cache path: cache
2026-03-01 08:41:52 | INFO     | database:_init_database:84 - Database connection established successfully
2026-03-01 08:41:52 | INFO     | __main__:main:102 - Searching for: красивые пейзажи
2026-03-01 08:41:52 | INFO     | downloader:search_and_download:178 - Searching for: красивые пейзажи (limit: 30, type: images)
2026-03-01 08:41:52 | ERROR    | downloader:search_and_download:192 - Search failed: ApiScraper.search() got an unexpected keyword argument 'limit'
2026-03-01 08:45:03 | INFO     | __main__:main:91 - Starting Pinterest Downloader
2026-03-01 08:45:03 | INFO     | __main__:main:92 - Download path: downloads
2026-03-01 08:45:03 | INFO     | __main__:main:93 - Cache path: cache
2026-03-01 08:45:03 | INFO     | database:_init_database:84 - Database connection established successfully
2026-03-01 08:45:03 | ERROR    | __main__:main:156 - Fatal error: name 'Config' is not defined
Traceback (most recent call last):

  File "D:\Projects\pics-graber\graber\main.py", line 160, in <module>
    main()
    └ <function main at 0x0000020278DC10C0>

> File "D:\Projects\pics-graber\graber\main.py", line 99, in main
    downloader = PinterestDownloader(db, cache)
                 │                   │   └ <cache.FileCache object at 0x000002027ABFA270>
                 │                   └ <database.DatabaseManager object at 0x0000020277618440>
                 └ <class 'downloader.PinterestDownloader'>

  File "D:\Projects\pics-graber\graber\downloader.py", line 16, in __init__
    self.download_path = Path(download_path) if download_path else Config.DOWNLOAD_PATH
    │                    │    │                 └ None
    │                    │    └ None
    │                    └ <class 'pathlib.Path'>
    └ <downloader.PinterestDownloader object at 0x000002027ABFA3C0>

NameError: name 'Config' is not defined
2026-03-01 08:45:24 | INFO     | __main__:main:91 - Starting Pinterest Downloader
2026-03-01 08:45:24 | INFO     | __main__:main:92 - Download path: downloads
2026-03-01 08:45:24 | INFO     | __main__:main:93 - Cache path: cache
2026-03-01 08:45:24 | INFO     | database:_init_database:84 - Database connection established successfully
2026-03-01 08:45:24 | INFO     | __main__:main:102 - Searching for: красивые пейзажи
2026-03-01 08:45:24 | INFO     | downloader:search_and_download:261 - Searching for: красивые пейзажи (limit: 30, type: images)
2026-03-01 08:45:24 | DEBUG    | downloader:search_and_download:273 - Executing Pinterest search for: красивые пейзажи
2026-03-01 08:45:24 | WARNING  | downloader:search_and_download:293 - TypeError in search, trying alternative method: ApiScraper.search() missing 2 required positional arguments: 'num' and 'min_resolution'
2026-03-01 08:45:24 | ERROR    | downloader:search_and_download:300 - No suitable search method found in pinterest-dl
2026-03-01 08:45:24 | WARNING  | downloader:search_and_download:307 - No pins found for query: красивые пейзажи
2026-03-01 08:48:24 | INFO     | __main__:main:91 - Starting Pinterest Downloader
2026-03-01 08:48:24 | INFO     | __main__:main:92 - Download path: downloads
2026-03-01 08:48:24 | INFO     | __main__:main:93 - Cache path: cache
2026-03-01 08:48:24 | INFO     | database:_init_database:84 - Database connection established successfully
2026-03-01 08:48:24 | INFO     | downloader:__init__:31 - PinterestDownloader initialized
2026-03-01 08:48:24 | INFO     | __main__:main:102 - Searching for: красивые пейзажи
2026-03-01 08:48:24 | INFO     | downloader:search_and_download:273 - Searching for: красивые пейзажи (limit: 30, type: images)
2026-03-01 08:48:24 | DEBUG    | downloader:search_and_download:285 - Executing Pinterest search for: красивые пейзажи
2026-03-01 08:48:24 | ERROR    | downloader:search_and_download:306 - Search failed: 'PinterestDL' object has no attribute 'search'
2026-03-01 08:48:24 | DEBUG    | downloader:search_and_download:308 - Traceback (most recent call last):
  File "D:\Projects\pics-graber\graber\downloader.py", line 288, in search_and_download
    search_results = self.pinterest.search(
                     ^^^^^^^^^^^^^^^^^^^^^
AttributeError: 'PinterestDL' object has no attribute 'search'

2026-03-01 08:49:07 | INFO     | __main__:main:91 - Starting Pinterest Downloader
2026-03-01 08:49:07 | INFO     | __main__:main:92 - Download path: downloads
2026-03-01 08:49:07 | INFO     | __main__:main:93 - Cache path: cache
2026-03-01 08:49:07 | INFO     | database:_init_database:84 - Database connection established successfully
2026-03-01 08:49:07 | INFO     | downloader:__init__:31 - PinterestDownloader initialized
2026-03-01 08:49:07 | INFO     | __main__:main:102 - Searching for: красивые пейзажи
2026-03-01 08:49:07 | INFO     | downloader:search_and_download:273 - Searching for: красивые пейзажи (limit: 30, type: images)
2026-03-01 08:49:07 | DEBUG    | downloader:search_and_download:285 - Executing Pinterest search for: красивые пейзажи
2026-03-01 08:49:07 | ERROR    | downloader:search_and_download:306 - Search failed: 'PinterestDL' object has no attribute 'search'
2026-03-01 08:49:07 | DEBUG    | downloader:search_and_download:308 - Traceback (most recent call last):
  File "D:\Projects\pics-graber\graber\downloader.py", line 288, in search_and_download
    search_results = self.pinterest.search(
                     ^^^^^^^^^^^^^^^^^^^^^
AttributeError: 'PinterestDL' object has no attribute 'search'

2026-03-01 08:52:34 | INFO     | __main__:main:91 - Starting Pinterest Downloader
2026-03-01 08:52:34 | INFO     | __main__:main:92 - Download path: downloads
2026-03-01 08:52:34 | INFO     | __main__:main:93 - Cache path: cache
2026-03-01 08:52:34 | INFO     | database:_init_database:84 - Database connection established successfully
2026-03-01 08:52:34 | INFO     | downloader:__init__:24 - Pinterest API initialized successfully
2026-03-01 08:52:34 | DEBUG    | downloader:__init__:29 - Available methods: ['scrape', 'scrape_and_download', 'search', 'search_and_download', 'with_cookies', 'with_cookies_path']
2026-03-01 08:52:34 | INFO     | __main__:main:102 - Searching for: красивые пейзажи
2026-03-01 08:52:34 | INFO     | downloader:search_and_download:285 - Searching for: красивые пейзажи (limit: 30, type: images)
2026-03-01 08:52:34 | DEBUG    | downloader:search_and_download:297 - Executing Pinterest search for: красивые пейзажи
2026-03-01 08:52:34 | ERROR    | downloader:search_and_download:318 - Search failed: ApiScraper.search() missing 2 required positional arguments: 'num' and 'min_resolution'
2026-03-01 08:52:34 | DEBUG    | downloader:search_and_download:320 - Traceback (most recent call last):
  File "D:\Projects\pics-graber\graber\downloader.py", line 300, in search_and_download
    search_results = self.pinterest.search(query)
TypeError: ApiScraper.search() missing 2 required positional arguments: 'num' and 'min_resolution'

2026-03-01 09:00:34 | INFO     | __main__:main:91 - Starting Pinterest Downloader
2026-03-01 09:00:34 | INFO     | __main__:main:92 - Download path: downloads
2026-03-01 09:00:34 | INFO     | __main__:main:93 - Cache path: cache
2026-03-01 09:00:34 | INFO     | database:_init_database:84 - Database connection established successfully
2026-03-01 09:00:34 | INFO     | downloader:__init__:31 - PinterestDownloader initialized
2026-03-01 09:00:34 | INFO     | __main__:main:102 - Searching for: красивые пейзажи
2026-03-01 09:00:34 | INFO     | downloader:search_and_download:273 - Searching for: красивые пейзажи (limit: 30, type: images)
2026-03-01 09:00:34 | DEBUG    | downloader:search_and_download:285 - Executing Pinterest search for: красивые пейзажи
2026-03-01 09:00:34 | ERROR    | downloader:search_and_download:306 - Search failed: 'PinterestDL' object has no attribute 'search'
2026-03-01 09:00:34 | DEBUG    | downloader:search_and_download:308 - Traceback (most recent call last):
  File "D:\Projects\pics-graber\graber\downloader.py", line 288, in search_and_download
    search_results = self.pinterest.search(
                     ^^^^^^^^^^^^^^^^^^^^^
AttributeError: 'PinterestDL' object has no attribute 'search'

2026-03-01 09:01:27 | INFO     | __main__:main:91 - Starting Pinterest Downloader
2026-03-01 09:01:27 | INFO     | __main__:main:92 - Download path: downloads
2026-03-01 09:01:27 | INFO     | __main__:main:93 - Cache path: cache
2026-03-01 09:01:27 | INFO     | database:_init_database:84 - Database connection established successfully
2026-03-01 09:01:27 | INFO     | downloader:__init__:24 - Pinterest API initialized successfully
2026-03-01 09:01:27 | DEBUG    | downloader:__init__:29 - Available methods: ['scrape', 'scrape_and_download', 'search', 'search_and_download', 'with_cookies', 'with_cookies_path']
2026-03-01 09:01:27 | INFO     | __main__:main:102 - Searching for: красивые пейзажи
2026-03-01 09:01:27 | INFO     | downloader:search_and_download:285 - Searching for: красивые пейзажи (limit: 30, type: images)
2026-03-01 09:01:27 | DEBUG    | downloader:search_and_download:297 - Executing Pinterest search for: красивые пейзажи
2026-03-01 09:01:27 | ERROR    | downloader:search_and_download:318 - Search failed: ApiScraper.search() missing 2 required positional arguments: 'num' and 'min_resolution'
2026-03-01 09:01:27 | DEBUG    | downloader:search_and_download:320 - Traceback (most recent call last):
  File "D:\Projects\pics-graber\graber\downloader.py", line 300, in search_and_download
    search_results = self.pinterest.search(query)
TypeError: ApiScraper.search() missing 2 required positional arguments: 'num' and 'min_resolution'

2026-03-01 09:02:34 | INFO     | __main__:main:91 - Starting Pinterest Downloader
2026-03-01 09:02:34 | INFO     | __main__:main:92 - Download path: downloads
2026-03-01 09:02:34 | INFO     | __main__:main:93 - Cache path: cache
2026-03-01 09:02:34 | INFO     | database:_init_database:84 - Database connection established successfully
2026-03-01 09:02:34 | INFO     | downloader:__init__:24 - Pinterest API initialized successfully
2026-03-01 09:02:34 | DEBUG    | downloader:__init__:29 - Available methods: ['scrape', 'scrape_and_download', 'search', 'search_and_download', 'with_cookies', 'with_cookies_path']
2026-03-01 09:02:34 | INFO     | __main__:main:102 - Searching for: красивые пейзажи
2026-03-01 09:02:34 | INFO     | downloader:search_and_download:285 - Searching for: красивые пейзажи (limit: 30, type: images)
2026-03-01 09:02:34 | DEBUG    | downloader:search_and_download:297 - Executing Pinterest search for: красивые пейзажи
2026-03-01 09:02:34 | ERROR    | downloader:search_and_download:321 - Search failed: name 'num' is not defined
2026-03-01 09:02:34 | DEBUG    | downloader:search_and_download:323 - Traceback (most recent call last):
  File "D:\Projects\pics-graber\graber\downloader.py", line 301, in search_and_download
    num: limit,
    ^^^
NameError: name 'num' is not defined. Did you mean: 'sum'?

2026-03-01 09:03:00 | INFO     | __main__:main:91 - Starting Pinterest Downloader
2026-03-01 09:03:00 | INFO     | __main__:main:92 - Download path: downloads
2026-03-01 09:03:00 | INFO     | __main__:main:93 - Cache path: cache
2026-03-01 09:03:00 | INFO     | database:_init_database:84 - Database connection established successfully
2026-03-01 09:03:00 | INFO     | downloader:__init__:24 - Pinterest API initialized successfully
2026-03-01 09:03:00 | DEBUG    | downloader:__init__:29 - Available methods: ['scrape', 'scrape_and_download', 'search', 'search_and_download', 'with_cookies', 'with_cookies_path']
2026-03-01 09:03:00 | INFO     | __main__:main:102 - Searching for: красивые пейзажи
2026-03-01 09:03:00 | INFO     | downloader:search_and_download:285 - Searching for: красивые пейзажи (limit: 30, type: images)
2026-03-01 09:03:00 | DEBUG    | downloader:search_and_download:297 - Executing Pinterest search for: красивые пейзажи
2026-03-01 09:03:00 | ERROR    | downloader:search_and_download:321 - Search failed: name 'num' is not defined
2026-03-01 09:03:00 | DEBUG    | downloader:search_and_download:323 - Traceback (most recent call last):
  File "D:\Projects\pics-graber\graber\downloader.py", line 301, in search_and_download
    num: 1,
    ^^^
NameError: name 'num' is not defined. Did you mean: 'sum'?

2026-03-01 09:05:57 | INFO     | __main__:main:91 - Starting Pinterest Downloader
2026-03-01 09:05:57 | INFO     | __main__:main:92 - Download path: downloads
2026-03-01 09:05:57 | INFO     | __main__:main:93 - Cache path: cache
2026-03-01 09:05:57 | INFO     | database:_init_database:84 - Database connection established successfully
2026-03-01 09:05:57 | INFO     | downloader:__init__:24 - Pinterest API initialized successfully
2026-03-01 09:05:57 | DEBUG    | downloader:__init__:29 - Available methods: ['scrape', 'scrape_and_download', 'search', 'search_and_download', 'with_cookies', 'with_cookies_path']
2026-03-01 09:05:57 | INFO     | __main__:main:102 - Searching for: красивые пейзажи
2026-03-01 09:05:57 | INFO     | downloader:search_and_download:285 - Searching for: красивые пейзажи (limit: 30, type: images)
2026-03-01 09:05:57 | DEBUG    | downloader:search_and_download:296 - Executing Pinterest search for: красивые пейзажи
2026-03-01 09:05:59 | WARNING  | downloader:search_and_download:311 - No results found for query: красивые пейзажи
2026-03-01 09:05:59 | WARNING  | downloader:search_and_download:324 - No pins found for query: красивые пейзажи
2026-03-01 09:06:43 | INFO     | __main__:main:91 - Starting Pinterest Downloader
2026-03-01 09:06:43 | INFO     | __main__:main:92 - Download path: downloads
2026-03-01 09:06:43 | INFO     | __main__:main:93 - Cache path: cache
2026-03-01 09:06:43 | INFO     | database:_init_database:84 - Database connection established successfully
2026-03-01 09:06:43 | INFO     | downloader:__init__:24 - Pinterest API initialized successfully
2026-03-01 09:06:43 | DEBUG    | downloader:__init__:29 - Available methods: ['scrape', 'scrape_and_download', 'search', 'search_and_download', 'with_cookies', 'with_cookies_path']
2026-03-01 09:06:43 | INFO     | __main__:main:102 - Searching for: lands
2026-03-01 09:06:43 | INFO     | downloader:search_and_download:285 - Searching for: lands (limit: 30, type: images)
2026-03-01 09:06:43 | DEBUG    | downloader:search_and_download:296 - Executing Pinterest search for: lands
2026-03-01 09:06:45 | WARNING  | downloader:search_and_download:311 - No results found for query: lands
2026-03-01 09:06:45 | WARNING  | downloader:search_and_download:324 - No pins found for query: lands
2026-03-01 09:08:44 | INFO     | __main__:main:91 - Starting Pinterest Downloader
2026-03-01 09:08:44 | INFO     | __main__:main:92 - Download path: downloads
2026-03-01 09:08:44 | INFO     | __main__:main:93 - Cache path: cache
2026-03-01 09:08:44 | INFO     | database:_init_database:84 - Database connection established successfully
2026-03-01 09:08:44 | INFO     | downloader:__init__:24 - Pinterest API initialized successfully
2026-03-01 09:08:44 | DEBUG    | downloader:__init__:29 - Available methods: ['scrape', 'scrape_and_download', 'search', 'search_and_download', 'with_cookies', 'with_cookies_path']
2026-03-01 09:08:44 | INFO     | __main__:main:102 - Searching for: lands
2026-03-01 09:08:44 | INFO     | downloader:search_and_download:290 - Searching for: lands (limit: 30, type: images)
2026-03-01 09:08:44 | DEBUG    | downloader:search_and_download:301 - Executing Pinterest search for: lands
2026-03-01 09:08:46 | WARNING  | downloader:search_and_download:327 - No results found for query: lands
2026-03-01 09:08:46 | WARNING  | downloader:search_and_download:365 - No pins found for query: lands
2026-03-01 09:08:51 | INFO     | __main__:main:91 - Starting Pinterest Downloader
2026-03-01 09:08:51 | INFO     | __main__:main:92 - Download path: downloads
2026-03-01 09:08:51 | INFO     | __main__:main:93 - Cache path: cache
2026-03-01 09:08:51 | INFO     | database:_init_database:84 - Database connection established successfully
2026-03-01 09:08:51 | INFO     | downloader:__init__:24 - Pinterest API initialized successfully
2026-03-01 09:08:51 | DEBUG    | downloader:__init__:29 - Available methods: ['scrape', 'scrape_and_download', 'search', 'search_and_download', 'with_cookies', 'with_cookies_path']
2026-03-01 09:08:51 | INFO     | __main__:main:102 - Searching for: красивые пейзажи
2026-03-01 09:08:51 | INFO     | downloader:search_and_download:290 - Searching for: красивые пейзажи (limit: 30, type: images)
2026-03-01 09:08:51 | DEBUG    | downloader:search_and_download:301 - Executing Pinterest search for: красивые пейзажи
2026-03-01 09:08:53 | WARNING  | downloader:search_and_download:327 - No results found for query: красивые пейзажи
2026-03-01 09:08:53 | WARNING  | downloader:search_and_download:365 - No pins found for query: красивые пейзажи
2026-03-01 09:11:30 | INFO     | __main__:main:91 - Starting Pinterest Downloader
2026-03-01 09:11:30 | INFO     | __main__:main:92 - Download path: downloads
2026-03-01 09:11:30 | INFO     | __main__:main:93 - Cache path: cache
2026-03-01 09:11:30 | INFO     | database:_init_database:84 - Database connection established successfully
2026-03-01 09:11:30 | INFO     | downloader:__init__:43 - PinterestDownloader initialized with HTTP client
2026-03-01 09:11:30 | INFO     | __main__:main:102 - Searching for: красивые пейзажи
2026-03-01 09:11:30 | INFO     | downloader:search_and_download:344 - Searching for: красивые пейзажи (limit: 30, type: images)
2026-03-01 09:11:30 | INFO     | downloader:search_pins:201 - Searching for pins: красивые пейзажи
2026-03-01 09:11:30 | ERROR    | downloader:search_pins:210 - Failed to fetch search data
2026-03-01 09:11:30 | WARNING  | downloader:search_and_download:360 - No pins found for query: красивые пейзажи
2026-03-01 09:18:39 | INFO     | __main__:main:91 - Starting Pinterest Downloader
2026-03-01 09:18:39 | INFO     | __main__:main:92 - Download path: downloads
2026-03-01 09:18:39 | INFO     | __main__:main:93 - Cache path: cache
2026-03-01 09:18:40 | INFO     | database:_init_database:84 - Database connection established successfully
2026-03-01 09:18:40 | INFO     | downloader:__init__:39 - PinterestDownloader initialized with HTTP client
2026-03-01 09:18:40 | INFO     | downloader:_init_cookies:48 - Cookies initialized: 4 cookies
2026-03-01 09:18:40 | INFO     | __main__:main:102 - Searching for: красивые пейзажи
2026-03-01 09:18:40 | INFO     | downloader:search_and_download:370 - Searching for: красивые пейзажи (limit: 30, type: images)
2026-03-01 09:18:40 | INFO     | downloader:fetch_search_results:204 - Fetching search results for: красивые пейзажи
2026-03-01 09:18:41 | DEBUG    | downloader:_extract_json_from_html:101 - Found JSON data: __PWS_INITIAL_PROPS__
2026-03-01 09:18:41 | DEBUG    | downloader:_extract_json_from_html:101 - Found JSON data: __PWS_DATA__
2026-03-01 09:18:41 | INFO     | downloader:_extract_pins_from_json:146 - Extracted 0 unique pins from JSON
2026-03-01 09:18:41 | INFO     | downloader:fetch_search_results:234 - Found 0 pins
2026-03-01 09:18:41 | WARNING  | downloader:search_and_download:386 - No pins found for query: красивые пейзажи
2026-03-01 09:26:43 | INFO     | __main__:main:91 - Starting Pinterest Downloader
2026-03-01 09:26:43 | INFO     | __main__:main:92 - Download path: downloads
2026-03-01 09:26:43 | INFO     | __main__:main:93 - Cache path: cache
2026-03-01 09:26:43 | INFO     | database:_init_database:84 - Database connection established successfully
2026-03-01 09:26:43 | INFO     | downloader:__init__:39 - PinterestDownloader initialized with HTTP client
2026-03-01 09:26:43 | INFO     | downloader:_init_cookies:48 - Cookies initialized: 4 cookies
2026-03-01 09:26:43 | INFO     | __main__:main:102 - Searching for: красивые пейзажи
2026-03-01 09:26:43 | INFO     | downloader:search_and_download:447 - Searching for: красивые пейзажи (limit: 30, type: images)
2026-03-01 09:26:43 | INFO     | downloader:fetch_search_results:277 - Fetching search results for: красивые пейзажи
2026-03-01 09:26:44 | DEBUG    | downloader:_extract_json_from_html:103 - Found JSON data: __PWS_INITIAL_PROPS__
2026-03-01 09:26:44 | DEBUG    | downloader:_extract_json_from_html:103 - Found JSON data: __PWS_DATA__
2026-03-01 09:26:44 | INFO     | downloader:_extract_pins_from_json:213 - Extracted 0 unique pins from JSON
2026-03-01 09:26:44 | INFO     | downloader:fetch_search_results:311 - Found 0 pins
2026-03-01 09:26:44 | WARNING  | downloader:search_and_download:463 - No pins found for query: красивые пейзажи
